Traceback (most recent call last):
  File "/home/ubuntu/.local/lib/python3.10/site-packages/jupyter_cache/executors/utils.py", line 58, in single_nb_execution
    executenb(
  File "/home/ubuntu/.local/lib/python3.10/site-packages/nbclient/client.py", line 1305, in execute
    return NotebookClient(nb=nb, resources=resources, km=km, **kwargs).execute()
  File "/home/ubuntu/.local/lib/python3.10/site-packages/jupyter_core/utils/__init__.py", line 172, in wrapped
    return loop.run_until_complete(inner)
  File "/usr/lib/python3.10/asyncio/base_events.py", line 649, in run_until_complete
    return future.result()
  File "/home/ubuntu/.local/lib/python3.10/site-packages/nbclient/client.py", line 705, in async_execute
    await self.async_execute_cell(
  File "/home/ubuntu/.local/lib/python3.10/site-packages/nbclient/client.py", line 1058, in async_execute_cell
    await self._check_raise_for_error(cell, cell_index, exec_reply)
  File "/home/ubuntu/.local/lib/python3.10/site-packages/nbclient/client.py", line 914, in _check_raise_for_error
    raise CellExecutionError.from_cell_and_msg(cell, exec_reply_content)
nbclient.exceptions.CellExecutionError: An error occurred while executing the following cell:
------------------
from IPython.display import display, clear_output
import time

img = nib.load("AP_PA.nii.gz")
data = img.get_fdata()
mid_slice = data.shape[1] // 2  # middle sagittal slice

for i in range(10):  # flip 10 times between AP and PA volume
    for vol in range(2):
        plt.imshow(data[:, mid_slice, :, vol].T, cmap='gray', origin='lower')
        plt.title(f"{'AP' if vol == 0 else 'PA'} Volume")
        display(plt.gcf())
        time.sleep(1.0) #flip every second
        clear_output(wait=True)
------------------


[0;31m---------------------------------------------------------------------------[0m
[0;31mFileNotFoundError[0m                         Traceback (most recent call last)
File [0;32m~/.local/lib/python3.10/site-packages/nibabel/loadsave.py:101[0m, in [0;36mload[0;34m(filename, **kwargs)[0m
[1;32m    100[0m [38;5;28;01mtry[39;00m:
[0;32m--> 101[0m     stat_result [38;5;241m=[39m [43mos[49m[38;5;241;43m.[39;49m[43mstat[49m[43m([49m[43mfilename[49m[43m)[49m
[1;32m    102[0m [38;5;28;01mexcept[39;00m [38;5;167;01mOSError[39;00m:

[0;31mFileNotFoundError[0m: [Errno 2] No such file or directory: 'AP_PA.nii.gz'

During handling of the above exception, another exception occurred:

[0;31mFileNotFoundError[0m                         Traceback (most recent call last)
Cell [0;32mIn[18], line 4[0m
[1;32m      1[0m [38;5;28;01mfrom[39;00m[38;5;250m [39m[38;5;21;01mIPython[39;00m[38;5;21;01m.[39;00m[38;5;21;01mdisplay[39;00m[38;5;250m [39m[38;5;28;01mimport[39;00m display, clear_output
[1;32m      2[0m [38;5;28;01mimport[39;00m[38;5;250m [39m[38;5;21;01mtime[39;00m
[0;32m----> 4[0m img [38;5;241m=[39m [43mnib[49m[38;5;241;43m.[39;49m[43mload[49m[43m([49m[38;5;124;43m"[39;49m[38;5;124;43mAP_PA.nii.gz[39;49m[38;5;124;43m"[39;49m[43m)[49m
[1;32m      5[0m data [38;5;241m=[39m img[38;5;241m.[39mget_fdata()
[1;32m      6[0m mid_slice [38;5;241m=[39m data[38;5;241m.[39mshape[[38;5;241m1[39m] [38;5;241m/[39m[38;5;241m/[39m [38;5;241m2[39m  [38;5;66;03m# middle sagittal slice[39;00m

File [0;32m~/.local/lib/python3.10/site-packages/nibabel/loadsave.py:103[0m, in [0;36mload[0;34m(filename, **kwargs)[0m
[1;32m    101[0m     stat_result [38;5;241m=[39m os[38;5;241m.[39mstat(filename)
[1;32m    102[0m [38;5;28;01mexcept[39;00m [38;5;167;01mOSError[39;00m:
[0;32m--> 103[0m     [38;5;28;01mraise[39;00m [38;5;167;01mFileNotFoundError[39;00m([38;5;124mf[39m[38;5;124m"[39m[38;5;124mNo such file or no access: [39m[38;5;124m'[39m[38;5;132;01m{[39;00mfilename[38;5;132;01m}[39;00m[38;5;124m'[39m[38;5;124m"[39m)
[1;32m    104[0m [38;5;28;01mif[39;00m stat_result[38;5;241m.[39mst_size [38;5;241m<[39m[38;5;241m=[39m [38;5;241m0[39m:
[1;32m    105[0m     [38;5;28;01mraise[39;00m ImageFileError([38;5;124mf[39m[38;5;124m"[39m[38;5;124mEmpty file: [39m[38;5;124m'[39m[38;5;132;01m{[39;00mfilename[38;5;132;01m}[39;00m[38;5;124m'[39m[38;5;124m"[39m)

[0;31mFileNotFoundError[0m: No such file or no access: 'AP_PA.nii.gz'

